2025-05-02 22:35:10,712 - INFO - Starting training...
2025-05-02 22:35:21,098 - INFO - Loaded datasets: 3264 training samples, 4041 validation samples
2025-05-02 22:35:21,637 - INFO - Using device: cuda
2025-05-02 22:35:30,165 - INFO - Class weights: tensor([7.3436e-05, 4.9736e-01, 5.0257e-01], device='cuda:0')
2025-05-02 22:35:36,733 - INFO - Model architecture: SpliceAI_10k
2025-05-02 22:35:36,733 - INFO - Model parameters: 696739
2025-05-02 22:35:36,734 - INFO - Training with batch size: 256
2025-05-02 22:35:36,734 - INFO - Training with learning rate: 0.001000
2025-05-02 22:35:36,734 - INFO - Training with num epochs: 200
2025-05-02 22:35:36,734 - INFO - Training with flank size: 5000
2025-05-02 22:35:36,734 - INFO - Training with random seed: 1809
2025-05-02 22:37:17,040 - INFO - Epoch 0/200
2025-05-02 22:37:17,041 - INFO -   Train Loss: 1.0101
2025-05-02 22:37:17,042 - INFO -   Val   Loss: 11.7790
2025-05-02 22:37:17,042 - INFO -   Class 0: Top-k Acc → Train: 1.000, Val: 1.000;  PR-AUC → Train: 1.000, Val: 1.000
2025-05-02 22:37:17,042 - INFO -   Class 1: Top-k Acc → Train: 0.054, Val: 0.001;  PR-AUC → Train: 0.015, Val: 0.002
2025-05-02 22:37:17,042 - INFO -   Class 2: Top-k Acc → Train: 0.030, Val: 0.002;  PR-AUC → Train: 0.005, Val: 0.002
2025-05-02 22:37:17,042 - INFO -   Train counts (true → pred): [16315207     2409     2384] → [9692457 2939643 3687900]
2025-05-02 22:37:17,042 - INFO -   Val   counts (true → pred): [20199427     2787     2786] → [20205000        0        0]
2025-05-02 22:37:17,043 - INFO - ------------------------------------------------------------
2025-05-02 22:38:14,859 - INFO - Epoch 1/200
2025-05-02 22:38:14,860 - INFO -   Train Loss: 0.1013
2025-05-02 22:38:14,861 - INFO -   Val   Loss: 3.9338
2025-05-02 22:38:14,861 - INFO -   Class 0: Top-k Acc → Train: 1.000, Val: 1.000;  PR-AUC → Train: 1.000, Val: 1.000
2025-05-02 22:38:14,861 - INFO -   Class 1: Top-k Acc → Train: 0.189, Val: 0.155;  PR-AUC → Train: 0.115, Val: 0.071
2025-05-02 22:38:14,861 - INFO -   Class 2: Top-k Acc → Train: 0.127, Val: 0.134;  PR-AUC → Train: 0.066, Val: 0.052
2025-05-02 22:38:14,861 - INFO -   Train counts (true → pred): [16315207     2409     2384] → [15084621   510756   724623]
2025-05-02 22:38:14,861 - INFO -   Val   counts (true → pred): [20199427     2787     2786] → [20186790     6051    12159]
2025-05-02 22:38:14,861 - INFO - ------------------------------------------------------------
2025-05-02 22:39:16,213 - INFO - Epoch 2/200
2025-05-02 22:39:16,215 - INFO -   Train Loss: 0.0691
2025-05-02 22:39:16,215 - INFO -   Val   Loss: 0.0949
2025-05-02 22:39:16,215 - INFO -   Class 0: Top-k Acc → Train: 1.000, Val: 1.000;  PR-AUC → Train: 1.000, Val: 1.000
2025-05-02 22:39:16,215 - INFO -   Class 1: Top-k Acc → Train: 0.251, Val: 0.249;  PR-AUC → Train: 0.168, Val: 0.158
2025-05-02 22:39:16,215 - INFO -   Class 2: Top-k Acc → Train: 0.164, Val: 0.173;  PR-AUC → Train: 0.091, Val: 0.096
2025-05-02 22:39:16,215 - INFO -   Train counts (true → pred): [16315207     2409     2384] → [15709407   267997   342596]
2025-05-02 22:39:16,215 - INFO -   Val   counts (true → pred): [20199427     2787     2786] → [19588738   232950   383312]
2025-05-02 22:39:16,216 - INFO - ------------------------------------------------------------
2025-05-02 22:40:17,136 - INFO - Epoch 3/200
2025-05-02 22:40:17,136 - INFO -   Train Loss: 0.0522
2025-05-02 22:40:17,136 - INFO -   Val   Loss: 0.0596
2025-05-02 22:40:17,136 - INFO -   Class 0: Top-k Acc → Train: 1.000, Val: 1.000;  PR-AUC → Train: 1.000, Val: 1.000
2025-05-02 22:40:17,136 - INFO -   Class 1: Top-k Acc → Train: 0.267, Val: 0.276;  PR-AUC → Train: 0.194, Val: 0.198
2025-05-02 22:40:17,137 - INFO -   Class 2: Top-k Acc → Train: 0.164, Val: 0.186;  PR-AUC → Train: 0.095, Val: 0.110
2025-05-02 22:40:17,137 - INFO -   Train counts (true → pred): [16315207     2409     2384] → [15784740   213401   321859]
2025-05-02 22:40:17,137 - INFO -   Val   counts (true → pred): [20199427     2787     2786] → [19559593   263475   381932]
2025-05-02 22:40:17,137 - INFO - ------------------------------------------------------------
2025-05-02 22:41:18,575 - INFO - Epoch 4/200
2025-05-02 22:41:18,576 - INFO -   Train Loss: 0.0436
2025-05-02 22:41:18,576 - INFO -   Val   Loss: 0.0579
2025-05-02 22:41:18,576 - INFO -   Class 0: Top-k Acc → Train: 1.000, Val: 1.000;  PR-AUC → Train: 1.000, Val: 1.000
2025-05-02 22:41:18,576 - INFO -   Class 1: Top-k Acc → Train: 0.287, Val: 0.295;  PR-AUC → Train: 0.209, Val: 0.214
2025-05-02 22:41:18,576 - INFO -   Class 2: Top-k Acc → Train: 0.204, Val: 0.214;  PR-AUC → Train: 0.119, Val: 0.138
2025-05-02 22:41:18,576 - INFO -   Train counts (true → pred): [16315207     2409     2384] → [15838748   185283   295969]
2025-05-02 22:41:18,577 - INFO -   Val   counts (true → pred): [20199427     2787     2786] → [19713106   216566   275328]
2025-05-02 22:41:18,577 - INFO - ------------------------------------------------------------
2025-05-02 22:42:19,219 - INFO - Epoch 5/200
2025-05-02 22:42:19,219 - INFO -   Train Loss: 0.0366
2025-05-02 22:42:19,219 - INFO -   Val   Loss: 0.0548
2025-05-02 22:42:19,219 - INFO -   Class 0: Top-k Acc → Train: 1.000, Val: 1.000;  PR-AUC → Train: 1.000, Val: 1.000
2025-05-02 22:42:19,219 - INFO -   Class 1: Top-k Acc → Train: 0.301, Val: 0.310;  PR-AUC → Train: 0.238, Val: 0.235
2025-05-02 22:42:19,219 - INFO -   Class 2: Top-k Acc → Train: 0.224, Val: 0.220;  PR-AUC → Train: 0.147, Val: 0.149
2025-05-02 22:42:19,219 - INFO -   Train counts (true → pred): [16315207     2409     2384] → [15901515   166608   251877]
2025-05-02 22:42:19,220 - INFO -   Val   counts (true → pred): [20199427     2787     2786] → [19747566   197002   260432]
2025-05-02 22:42:19,220 - INFO - ------------------------------------------------------------
2025-05-02 22:43:19,227 - INFO - Epoch 6/200
2025-05-02 22:43:19,228 - INFO -   Train Loss: 0.0319
2025-05-02 22:43:19,228 - INFO -   Val   Loss: 0.0549
2025-05-02 22:43:19,228 - INFO -   Class 0: Top-k Acc → Train: 1.000, Val: 1.000;  PR-AUC → Train: 1.000, Val: 1.000
2025-05-02 22:43:19,228 - INFO -   Class 1: Top-k Acc → Train: 0.309, Val: 0.321;  PR-AUC → Train: 0.253, Val: 0.244
2025-05-02 22:43:19,228 - INFO -   Class 2: Top-k Acc → Train: 0.235, Val: 0.230;  PR-AUC → Train: 0.158, Val: 0.162
2025-05-02 22:43:19,228 - INFO -   Train counts (true → pred): [16315207     2409     2384] → [15968783   138402   212815]
2025-05-02 22:43:19,228 - INFO -   Val   counts (true → pred): [20199427     2787     2786] → [19805495   158956   240549]
2025-05-02 22:43:19,229 - INFO - ------------------------------------------------------------
2025-05-02 22:44:18,535 - INFO - Epoch 7/200
2025-05-02 22:44:18,536 - INFO -   Train Loss: 0.0268
2025-05-02 22:44:18,536 - INFO -   Val   Loss: 0.0558
2025-05-02 22:44:18,536 - INFO -   Class 0: Top-k Acc → Train: 1.000, Val: 1.000;  PR-AUC → Train: 1.000, Val: 1.000
2025-05-02 22:44:18,536 - INFO -   Class 1: Top-k Acc → Train: 0.326, Val: 0.338;  PR-AUC → Train: 0.274, Val: 0.265
2025-05-02 22:44:18,536 - INFO -   Class 2: Top-k Acc → Train: 0.248, Val: 0.247;  PR-AUC → Train: 0.177, Val: 0.180
2025-05-02 22:44:18,536 - INFO -   Train counts (true → pred): [16315207     2409     2384] → [16015450   119209   185341]
2025-05-02 22:44:18,536 - INFO -   Val   counts (true → pred): [20199427     2787     2786] → [19858614   138483   207903]
2025-05-02 22:44:18,537 - INFO - ------------------------------------------------------------
2025-05-02 22:45:17,539 - INFO - Epoch 8/200
2025-05-02 22:45:17,540 - INFO -   Train Loss: 0.0235
2025-05-02 22:45:17,540 - INFO -   Val   Loss: 0.0609
2025-05-02 22:45:17,540 - INFO -   Class 0: Top-k Acc → Train: 1.000, Val: 1.000;  PR-AUC → Train: 1.000, Val: 1.000
2025-05-02 22:45:17,540 - INFO -   Class 1: Top-k Acc → Train: 0.340, Val: 0.347;  PR-AUC → Train: 0.290, Val: 0.274
2025-05-02 22:45:17,540 - INFO -   Class 2: Top-k Acc → Train: 0.259, Val: 0.264;  PR-AUC → Train: 0.193, Val: 0.196
2025-05-02 22:45:17,540 - INFO -   Train counts (true → pred): [16315207     2409     2384] → [16043584   103831   172585]
2025-05-02 22:45:17,540 - INFO -   Val   counts (true → pred): [20199427     2787     2786] → [19926717   103994   174289]
2025-05-02 22:45:17,541 - INFO - ------------------------------------------------------------
2025-05-02 22:46:16,391 - INFO - Epoch 9/200
2025-05-02 22:46:16,391 - INFO -   Train Loss: 0.0204
2025-05-02 22:46:16,391 - INFO -   Val   Loss: 0.0641
2025-05-02 22:46:16,391 - INFO -   Class 0: Top-k Acc → Train: 1.000, Val: 1.000;  PR-AUC → Train: 1.000, Val: 1.000
2025-05-02 22:46:16,391 - INFO -   Class 1: Top-k Acc → Train: 0.348, Val: 0.368;  PR-AUC → Train: 0.302, Val: 0.299
2025-05-02 22:46:16,391 - INFO -   Class 2: Top-k Acc → Train: 0.276, Val: 0.279;  PR-AUC → Train: 0.212, Val: 0.218
2025-05-02 22:46:16,391 - INFO -   Train counts (true → pred): [16315207     2409     2384] → [16077833    91883   150284]
2025-05-02 22:46:16,392 - INFO -   Val   counts (true → pred): [20199427     2787     2786] → [19961219    88669   155112]
2025-05-02 22:46:16,392 - INFO - ------------------------------------------------------------
2025-05-02 22:46:16,839 - INFO - Model checkpoint saved to /orange/sai.zhang/khoa/repos/SpliceAI/outs/model_epoch_10.pth
2025-05-02 22:47:15,514 - INFO - Epoch 10/200
2025-05-02 22:47:15,514 - INFO -   Train Loss: 0.0184
2025-05-02 22:47:15,515 - INFO -   Val   Loss: 0.0743
2025-05-02 22:47:15,515 - INFO -   Class 0: Top-k Acc → Train: 1.000, Val: 1.000;  PR-AUC → Train: 1.000, Val: 1.000
2025-05-02 22:47:15,515 - INFO -   Class 1: Top-k Acc → Train: 0.357, Val: 0.376;  PR-AUC → Train: 0.313, Val: 0.310
2025-05-02 22:47:15,515 - INFO -   Class 2: Top-k Acc → Train: 0.295, Val: 0.294;  PR-AUC → Train: 0.230, Val: 0.231
2025-05-02 22:47:15,515 - INFO -   Train counts (true → pred): [16315207     2409     2384] → [16102867    82874   134259]
2025-05-02 22:47:15,515 - INFO -   Val   counts (true → pred): [20199427     2787     2786] → [20011841    72147   121012]
2025-05-02 22:47:15,515 - INFO - ------------------------------------------------------------
2025-05-02 22:48:13,603 - INFO - Epoch 11/200
2025-05-02 22:48:13,603 - INFO -   Train Loss: 0.0161
2025-05-02 22:48:13,603 - INFO -   Val   Loss: 0.0696
2025-05-02 22:48:13,603 - INFO -   Class 0: Top-k Acc → Train: 1.000, Val: 1.000;  PR-AUC → Train: 1.000, Val: 1.000
2025-05-02 22:48:13,603 - INFO -   Class 1: Top-k Acc → Train: 0.377, Val: 0.393;  PR-AUC → Train: 0.346, Val: 0.330
2025-05-02 22:48:13,603 - INFO -   Class 2: Top-k Acc → Train: 0.311, Val: 0.310;  PR-AUC → Train: 0.247, Val: 0.242
2025-05-02 22:48:13,603 - INFO -   Train counts (true → pred): [16315207     2409     2384] → [16132701    70359   116940]
2025-05-02 22:48:13,604 - INFO -   Val   counts (true → pred): [20199427     2787     2786] → [20009961    78214   116825]
2025-05-02 22:48:13,604 - INFO - ------------------------------------------------------------
2025-05-02 22:49:11,424 - INFO - Epoch 12/200
2025-05-02 22:49:11,424 - INFO -   Train Loss: 0.0141
2025-05-02 22:49:11,424 - INFO -   Val   Loss: 0.0777
2025-05-02 22:49:11,425 - INFO -   Class 0: Top-k Acc → Train: 1.000, Val: 1.000;  PR-AUC → Train: 1.000, Val: 1.000
2025-05-02 22:49:11,425 - INFO -   Class 1: Top-k Acc → Train: 0.395, Val: 0.409;  PR-AUC → Train: 0.367, Val: 0.355
2025-05-02 22:49:11,425 - INFO -   Class 2: Top-k Acc → Train: 0.324, Val: 0.329;  PR-AUC → Train: 0.269, Val: 0.266
2025-05-02 22:49:11,425 - INFO -   Train counts (true → pred): [16315207     2409     2384] → [16152510    65237   102253]
2025-05-02 22:49:11,425 - INFO -   Val   counts (true → pred): [20199427     2787     2786] → [20039549    61319   104132]
2025-05-02 22:49:11,425 - INFO - ------------------------------------------------------------
2025-05-02 22:50:09,039 - INFO - Epoch 13/200
2025-05-02 22:50:09,039 - INFO -   Train Loss: 0.0129
2025-05-02 22:50:09,039 - INFO -   Val   Loss: 0.0750
2025-05-02 22:50:09,039 - INFO -   Class 0: Top-k Acc → Train: 1.000, Val: 1.000;  PR-AUC → Train: 1.000, Val: 1.000
2025-05-02 22:50:09,039 - INFO -   Class 1: Top-k Acc → Train: 0.413, Val: 0.426;  PR-AUC → Train: 0.392, Val: 0.371
2025-05-02 22:50:09,039 - INFO -   Class 2: Top-k Acc → Train: 0.344, Val: 0.333;  PR-AUC → Train: 0.289, Val: 0.272
2025-05-02 22:50:09,039 - INFO -   Train counts (true → pred): [16315207     2409     2384] → [16172769    56969    90262]
2025-05-02 22:50:09,040 - INFO -   Val   counts (true → pred): [20199427     2787     2786] → [20038520    61018   105462]
2025-05-02 22:50:09,040 - INFO - ------------------------------------------------------------
2025-05-02 22:51:05,464 - INFO - Epoch 14/200
2025-05-02 22:51:05,465 - INFO -   Train Loss: 0.0113
2025-05-02 22:51:05,465 - INFO -   Val   Loss: 0.0989
2025-05-02 22:51:05,465 - INFO -   Class 0: Top-k Acc → Train: 1.000, Val: 1.000;  PR-AUC → Train: 1.000, Val: 1.000
2025-05-02 22:51:05,465 - INFO -   Class 1: Top-k Acc → Train: 0.430, Val: 0.426;  PR-AUC → Train: 0.409, Val: 0.373
2025-05-02 22:51:05,465 - INFO -   Class 2: Top-k Acc → Train: 0.355, Val: 0.338;  PR-AUC → Train: 0.308, Val: 0.280
2025-05-02 22:51:05,465 - INFO -   Train counts (true → pred): [16315207     2409     2384] → [16188735    52066    79199]
2025-05-02 22:51:05,465 - INFO -   Val   counts (true → pred): [20199427     2787     2786] → [20076325    53182    75493]
2025-05-02 22:51:05,466 - INFO - ------------------------------------------------------------
2025-05-02 22:52:02,166 - INFO - Epoch 15/200
2025-05-02 22:52:02,166 - INFO -   Train Loss: 0.0102
2025-05-02 22:52:02,166 - INFO -   Val   Loss: 0.0859
2025-05-02 22:52:02,166 - INFO -   Class 0: Top-k Acc → Train: 1.000, Val: 1.000;  PR-AUC → Train: 1.000, Val: 1.000
2025-05-02 22:52:02,166 - INFO -   Class 1: Top-k Acc → Train: 0.445, Val: 0.443;  PR-AUC → Train: 0.435, Val: 0.398
2025-05-02 22:52:02,166 - INFO -   Class 2: Top-k Acc → Train: 0.370, Val: 0.356;  PR-AUC → Train: 0.332, Val: 0.301
2025-05-02 22:52:02,167 - INFO -   Train counts (true → pred): [16315207     2409     2384] → [16201914    46695    71391]
2025-05-02 22:52:02,167 - INFO -   Val   counts (true → pred): [20199427     2787     2786] → [20066331    50930    87739]
2025-05-02 22:52:02,167 - INFO - ------------------------------------------------------------
2025-05-02 22:52:58,988 - INFO - Epoch 16/200
2025-05-02 22:52:58,989 - INFO -   Train Loss: 0.0092
2025-05-02 22:52:58,989 - INFO -   Val   Loss: 0.0989
2025-05-02 22:52:58,989 - INFO -   Class 0: Top-k Acc → Train: 1.000, Val: 1.000;  PR-AUC → Train: 1.000, Val: 1.000
2025-05-02 22:52:58,989 - INFO -   Class 1: Top-k Acc → Train: 0.451, Val: 0.460;  PR-AUC → Train: 0.452, Val: 0.419
2025-05-02 22:52:58,989 - INFO -   Class 2: Top-k Acc → Train: 0.375, Val: 0.364;  PR-AUC → Train: 0.346, Val: 0.314
2025-05-02 22:52:58,989 - INFO -   Train counts (true → pred): [16315207     2409     2384] → [16214729    41113    64158]
2025-05-02 22:52:58,989 - INFO -   Val   counts (true → pred): [20199427     2787     2786] → [20088961    43357    72682]
2025-05-02 22:52:58,990 - INFO - ------------------------------------------------------------
2025-05-02 22:53:54,375 - INFO - Epoch 17/200
2025-05-02 22:53:54,376 - INFO -   Train Loss: 0.0082
2025-05-02 22:53:54,376 - INFO -   Val   Loss: 0.1070
2025-05-02 22:53:54,376 - INFO -   Class 0: Top-k Acc → Train: 1.000, Val: 1.000;  PR-AUC → Train: 1.000, Val: 1.000
2025-05-02 22:53:54,376 - INFO -   Class 1: Top-k Acc → Train: 0.476, Val: 0.471;  PR-AUC → Train: 0.474, Val: 0.435
2025-05-02 22:53:54,376 - INFO -   Class 2: Top-k Acc → Train: 0.381, Val: 0.374;  PR-AUC → Train: 0.360, Val: 0.324
2025-05-02 22:53:54,376 - INFO -   Train counts (true → pred): [16315207     2409     2384] → [16224563    37690    57747]
2025-05-02 22:53:54,377 - INFO -   Val   counts (true → pred): [20199427     2787     2786] → [20099876    39729    65395]
2025-05-02 22:53:54,377 - INFO - ------------------------------------------------------------
2025-05-02 22:54:49,554 - INFO - Epoch 18/200
2025-05-02 22:54:49,554 - INFO -   Train Loss: 0.0075
2025-05-02 22:54:49,554 - INFO -   Val   Loss: 0.1005
2025-05-02 22:54:49,554 - INFO -   Class 0: Top-k Acc → Train: 1.000, Val: 1.000;  PR-AUC → Train: 1.000, Val: 1.000
2025-05-02 22:54:49,554 - INFO -   Class 1: Top-k Acc → Train: 0.486, Val: 0.476;  PR-AUC → Train: 0.491, Val: 0.445
2025-05-02 22:54:49,555 - INFO -   Class 2: Top-k Acc → Train: 0.394, Val: 0.378;  PR-AUC → Train: 0.377, Val: 0.330
2025-05-02 22:54:49,555 - INFO -   Train counts (true → pred): [16315207     2409     2384] → [16234178    34228    51594]
2025-05-02 22:54:49,555 - INFO -   Val   counts (true → pred): [20199427     2787     2786] → [20093533    42253    69214]
2025-05-02 22:54:49,555 - INFO - ------------------------------------------------------------
2025-05-02 22:55:44,399 - INFO - Epoch 19/200
2025-05-02 22:55:44,399 - INFO -   Train Loss: 0.0071
2025-05-02 22:55:44,399 - INFO -   Val   Loss: 0.1141
2025-05-02 22:55:44,399 - INFO -   Class 0: Top-k Acc → Train: 1.000, Val: 1.000;  PR-AUC → Train: 1.000, Val: 1.000
2025-05-02 22:55:44,399 - INFO -   Class 1: Top-k Acc → Train: 0.492, Val: 0.484;  PR-AUC → Train: 0.494, Val: 0.456
2025-05-02 22:55:44,400 - INFO -   Class 2: Top-k Acc → Train: 0.398, Val: 0.388;  PR-AUC → Train: 0.385, Val: 0.344
2025-05-02 22:55:44,400 - INFO -   Train counts (true → pred): [16315207     2409     2384] → [16238384    32695    48921]
2025-05-02 22:55:44,400 - INFO -   Val   counts (true → pred): [20199427     2787     2786] → [20109037    36780    59183]
2025-05-02 22:55:44,400 - INFO - ------------------------------------------------------------
2025-05-02 22:55:44,745 - INFO - Model checkpoint saved to /orange/sai.zhang/khoa/repos/SpliceAI/outs/model_epoch_20.pth
2025-05-02 22:56:39,945 - INFO - Epoch 20/200
2025-05-02 22:56:39,946 - INFO -   Train Loss: 0.0063
2025-05-02 22:56:39,946 - INFO -   Val   Loss: 0.1726
2025-05-02 22:56:39,946 - INFO -   Class 0: Top-k Acc → Train: 1.000, Val: 1.000;  PR-AUC → Train: 1.000, Val: 1.000
2025-05-02 22:56:39,946 - INFO -   Class 1: Top-k Acc → Train: 0.500, Val: 0.488;  PR-AUC → Train: 0.519, Val: 0.467
2025-05-02 22:56:39,946 - INFO -   Class 2: Top-k Acc → Train: 0.416, Val: 0.401;  PR-AUC → Train: 0.403, Val: 0.357
2025-05-02 22:56:39,946 - INFO -   Train counts (true → pred): [16315207     2409     2384] → [16248025    29076    42899]
2025-05-02 22:56:39,947 - INFO -   Val   counts (true → pred): [20199427     2787     2786] → [20139423    26506    39071]
2025-05-02 22:56:39,947 - INFO - ------------------------------------------------------------
2025-05-02 22:57:35,138 - INFO - Epoch 21/200
2025-05-02 22:57:35,138 - INFO -   Train Loss: 0.0058
2025-05-02 22:57:35,138 - INFO -   Val   Loss: 0.1317
2025-05-02 22:57:35,139 - INFO -   Class 0: Top-k Acc → Train: 1.000, Val: 1.000;  PR-AUC → Train: 1.000, Val: 1.000
2025-05-02 22:57:35,139 - INFO -   Class 1: Top-k Acc → Train: 0.511, Val: 0.487;  PR-AUC → Train: 0.532, Val: 0.465
2025-05-02 22:57:35,139 - INFO -   Class 2: Top-k Acc → Train: 0.421, Val: 0.398;  PR-AUC → Train: 0.423, Val: 0.360
2025-05-02 22:57:35,139 - INFO -   Train counts (true → pred): [16315207     2409     2384] → [16255691    26633    37676]
2025-05-02 22:57:35,139 - INFO -   Val   counts (true → pred): [20199427     2787     2786] → [20121217    35269    48514]
2025-05-02 22:57:35,139 - INFO - ------------------------------------------------------------
2025-05-02 22:58:29,533 - INFO - Epoch 22/200
2025-05-02 22:58:29,534 - INFO -   Train Loss: 0.0054
2025-05-02 22:58:29,534 - INFO -   Val   Loss: 0.1677
2025-05-02 22:58:29,534 - INFO -   Class 0: Top-k Acc → Train: 1.000, Val: 1.000;  PR-AUC → Train: 1.000, Val: 1.000
2025-05-02 22:58:29,534 - INFO -   Class 1: Top-k Acc → Train: 0.522, Val: 0.493;  PR-AUC → Train: 0.545, Val: 0.474
2025-05-02 22:58:29,534 - INFO -   Class 2: Top-k Acc → Train: 0.423, Val: 0.403;  PR-AUC → Train: 0.432, Val: 0.362
2025-05-02 22:58:29,534 - INFO -   Train counts (true → pred): [16315207     2409     2384] → [16258735    25494    35771]
2025-05-02 22:58:29,535 - INFO -   Val   counts (true → pred): [20199427     2787     2786] → [20137900    27951    39149]
2025-05-02 22:58:29,535 - INFO - ------------------------------------------------------------
2025-05-02 22:59:23,860 - INFO - Epoch 23/200
2025-05-02 22:59:23,860 - INFO -   Train Loss: 0.0049
2025-05-02 22:59:23,860 - INFO -   Val   Loss: 0.1917
2025-05-02 22:59:23,860 - INFO -   Class 0: Top-k Acc → Train: 1.000, Val: 1.000;  PR-AUC → Train: 1.000, Val: 1.000
2025-05-02 22:59:23,860 - INFO -   Class 1: Top-k Acc → Train: 0.528, Val: 0.504;  PR-AUC → Train: 0.550, Val: 0.482
2025-05-02 22:59:23,860 - INFO -   Class 2: Top-k Acc → Train: 0.433, Val: 0.413;  PR-AUC → Train: 0.446, Val: 0.369
2025-05-02 22:59:23,861 - INFO -   Train counts (true → pred): [16315207     2409     2384] → [16263342    23745    32913]
2025-05-02 22:59:23,861 - INFO -   Val   counts (true → pred): [20199427     2787     2786] → [20145001    24338    35661]
2025-05-02 22:59:23,861 - INFO - ------------------------------------------------------------
2025-05-02 23:00:18,216 - INFO - Epoch 24/200
2025-05-02 23:00:18,217 - INFO -   Train Loss: 0.0046
2025-05-02 23:00:18,217 - INFO -   Val   Loss: 0.1728
2025-05-02 23:00:18,217 - INFO -   Class 0: Top-k Acc → Train: 1.000, Val: 1.000;  PR-AUC → Train: 1.000, Val: 1.000
2025-05-02 23:00:18,217 - INFO -   Class 1: Top-k Acc → Train: 0.537, Val: 0.499;  PR-AUC → Train: 0.566, Val: 0.482
2025-05-02 23:00:18,217 - INFO -   Class 2: Top-k Acc → Train: 0.443, Val: 0.411;  PR-AUC → Train: 0.461, Val: 0.369
2025-05-02 23:00:18,217 - INFO -   Train counts (true → pred): [16315207     2409     2384] → [16268320    21715    29965]
2025-05-02 23:00:18,218 - INFO -   Val   counts (true → pred): [20199427     2787     2786] → [20139195    26828    38977]
2025-05-02 23:00:18,218 - INFO - ------------------------------------------------------------
2025-05-02 23:01:11,856 - INFO - Epoch 25/200
2025-05-02 23:01:11,857 - INFO -   Train Loss: 0.0042
2025-05-02 23:01:11,857 - INFO -   Val   Loss: 0.2323
2025-05-02 23:01:11,857 - INFO -   Class 0: Top-k Acc → Train: 1.000, Val: 1.000;  PR-AUC → Train: 1.000, Val: 1.000
2025-05-02 23:01:11,857 - INFO -   Class 1: Top-k Acc → Train: 0.546, Val: 0.513;  PR-AUC → Train: 0.580, Val: 0.498
2025-05-02 23:01:11,857 - INFO -   Class 2: Top-k Acc → Train: 0.448, Val: 0.421;  PR-AUC → Train: 0.471, Val: 0.378
2025-05-02 23:01:11,857 - INFO -   Train counts (true → pred): [16315207     2409     2384] → [16271561    20233    28206]
2025-05-02 23:01:11,858 - INFO -   Val   counts (true → pred): [20199427     2787     2786] → [20154691    22267    28042]
2025-05-02 23:01:11,858 - INFO - ------------------------------------------------------------
2025-05-02 23:02:05,499 - INFO - Epoch 26/200
2025-05-02 23:02:05,499 - INFO -   Train Loss: 0.0041
2025-05-02 23:02:05,499 - INFO -   Val   Loss: 0.2230
2025-05-02 23:02:05,499 - INFO -   Class 0: Top-k Acc → Train: 1.000, Val: 1.000;  PR-AUC → Train: 1.000, Val: 1.000
2025-05-02 23:02:05,500 - INFO -   Class 1: Top-k Acc → Train: 0.546, Val: 0.512;  PR-AUC → Train: 0.586, Val: 0.500
2025-05-02 23:02:05,500 - INFO -   Class 2: Top-k Acc → Train: 0.456, Val: 0.427;  PR-AUC → Train: 0.477, Val: 0.385
2025-05-02 23:02:05,500 - INFO -   Train counts (true → pred): [16315207     2409     2384] → [16273590    19956    26454]
2025-05-02 23:02:05,500 - INFO -   Val   counts (true → pred): [20199427     2787     2786] → [20153612    21658    29730]
2025-05-02 23:02:05,500 - INFO - ------------------------------------------------------------
2025-05-02 23:02:59,248 - INFO - Epoch 27/200
2025-05-02 23:02:59,248 - INFO -   Train Loss: 0.0037
2025-05-02 23:02:59,248 - INFO -   Val   Loss: 0.2160
2025-05-02 23:02:59,248 - INFO -   Class 0: Top-k Acc → Train: 1.000, Val: 1.000;  PR-AUC → Train: 1.000, Val: 1.000
2025-05-02 23:02:59,248 - INFO -   Class 1: Top-k Acc → Train: 0.556, Val: 0.512;  PR-AUC → Train: 0.594, Val: 0.490
2025-05-02 23:02:59,248 - INFO -   Class 2: Top-k Acc → Train: 0.466, Val: 0.427;  PR-AUC → Train: 0.497, Val: 0.373
2025-05-02 23:02:59,248 - INFO -   Train counts (true → pred): [16315207     2409     2384] → [16278325    17826    23849]
2025-05-02 23:02:59,249 - INFO -   Val   counts (true → pred): [20199427     2787     2786] → [20149008    24202    31790]
2025-05-02 23:02:59,249 - INFO - ------------------------------------------------------------
2025-05-02 23:03:52,877 - INFO - Epoch 28/200
2025-05-02 23:03:52,879 - INFO -   Train Loss: 0.0034
2025-05-02 23:03:52,879 - INFO -   Val   Loss: 0.3167
2025-05-02 23:03:52,879 - INFO -   Class 0: Top-k Acc → Train: 1.000, Val: 1.000;  PR-AUC → Train: 1.000, Val: 1.000
2025-05-02 23:03:52,879 - INFO -   Class 1: Top-k Acc → Train: 0.562, Val: 0.517;  PR-AUC → Train: 0.605, Val: 0.499
2025-05-02 23:03:52,879 - INFO -   Class 2: Top-k Acc → Train: 0.470, Val: 0.436;  PR-AUC → Train: 0.506, Val: 0.389
2025-05-02 23:03:52,879 - INFO -   Train counts (true → pred): [16315207     2409     2384] → [16280229    17060    22711]
2025-05-02 23:03:52,879 - INFO -   Val   counts (true → pred): [20199427     2787     2786] → [20166124    18015    20861]
2025-05-02 23:03:52,880 - INFO - ------------------------------------------------------------
2025-05-02 23:04:46,306 - INFO - Epoch 29/200
2025-05-02 23:04:46,307 - INFO -   Train Loss: 0.0032
2025-05-02 23:04:46,307 - INFO -   Val   Loss: 0.3871
2025-05-02 23:04:46,307 - INFO -   Class 0: Top-k Acc → Train: 1.000, Val: 1.000;  PR-AUC → Train: 1.000, Val: 1.000
2025-05-02 23:04:46,307 - INFO -   Class 1: Top-k Acc → Train: 0.567, Val: 0.526;  PR-AUC → Train: 0.615, Val: 0.506
2025-05-02 23:04:46,307 - INFO -   Class 2: Top-k Acc → Train: 0.473, Val: 0.439;  PR-AUC → Train: 0.515, Val: 0.393
2025-05-02 23:04:46,307 - INFO -   Train counts (true → pred): [16315207     2409     2384] → [16282775    16314    20911]
2025-05-02 23:04:46,307 - INFO -   Val   counts (true → pred): [20199427     2787     2786] → [20172247    14726    18027]
2025-05-02 23:04:46,308 - INFO - ------------------------------------------------------------
2025-05-02 23:04:46,489 - INFO - Model checkpoint saved to /orange/sai.zhang/khoa/repos/SpliceAI/outs/model_epoch_30.pth
2025-05-02 23:05:40,081 - INFO - Epoch 30/200
2025-05-02 23:05:40,081 - INFO -   Train Loss: 0.0030
2025-05-02 23:05:40,081 - INFO -   Val   Loss: 0.2178
2025-05-02 23:05:40,081 - INFO -   Class 0: Top-k Acc → Train: 1.000, Val: 1.000;  PR-AUC → Train: 1.000, Val: 1.000
2025-05-02 23:05:40,081 - INFO -   Class 1: Top-k Acc → Train: 0.576, Val: 0.517;  PR-AUC → Train: 0.624, Val: 0.500
2025-05-02 23:05:40,081 - INFO -   Class 2: Top-k Acc → Train: 0.482, Val: 0.432;  PR-AUC → Train: 0.528, Val: 0.383
2025-05-02 23:05:40,081 - INFO -   Train counts (true → pred): [16315207     2409     2384] → [16285629    15099    19272]
2025-05-02 23:05:40,082 - INFO -   Val   counts (true → pred): [20199427     2787     2786] → [20149735    23360    31905]
2025-05-02 23:05:40,082 - INFO - ------------------------------------------------------------
2025-05-02 23:06:34,739 - INFO - Epoch 31/200
2025-05-02 23:06:34,740 - INFO -   Train Loss: 0.0028
2025-05-02 23:06:34,740 - INFO -   Val   Loss: 0.4251
2025-05-02 23:06:34,740 - INFO -   Class 0: Top-k Acc → Train: 1.000, Val: 1.000;  PR-AUC → Train: 1.000, Val: 1.000
2025-05-02 23:06:34,740 - INFO -   Class 1: Top-k Acc → Train: 0.575, Val: 0.530;  PR-AUC → Train: 0.632, Val: 0.518
2025-05-02 23:06:34,740 - INFO -   Class 2: Top-k Acc → Train: 0.487, Val: 0.447;  PR-AUC → Train: 0.539, Val: 0.400
2025-05-02 23:06:34,740 - INFO -   Train counts (true → pred): [16315207     2409     2384] → [16286654    14757    18589]
2025-05-02 23:06:34,740 - INFO -   Val   counts (true → pred): [20199427     2787     2786] → [20175091    12368    17541]
2025-05-02 23:06:34,741 - INFO - ------------------------------------------------------------
2025-05-02 23:07:27,726 - INFO - Epoch 32/200
2025-05-02 23:07:27,726 - INFO -   Train Loss: 0.0027
2025-05-02 23:07:27,726 - INFO -   Val   Loss: 0.3973
2025-05-02 23:07:27,726 - INFO -   Class 0: Top-k Acc → Train: 1.000, Val: 1.000;  PR-AUC → Train: 1.000, Val: 1.000
2025-05-02 23:07:27,726 - INFO -   Class 1: Top-k Acc → Train: 0.584, Val: 0.532;  PR-AUC → Train: 0.642, Val: 0.512
2025-05-02 23:07:27,726 - INFO -   Class 2: Top-k Acc → Train: 0.505, Val: 0.443;  PR-AUC → Train: 0.551, Val: 0.397
2025-05-02 23:07:27,726 - INFO -   Train counts (true → pred): [16315207     2409     2384] → [16288588    13775    17637]
2025-05-02 23:07:27,727 - INFO -   Val   counts (true → pred): [20199427     2787     2786] → [20172609    14079    18312]
2025-05-02 23:07:27,727 - INFO - ------------------------------------------------------------
2025-05-02 23:08:20,929 - INFO - Epoch 33/200
2025-05-02 23:08:20,929 - INFO -   Train Loss: 0.0026
2025-05-02 23:08:20,929 - INFO -   Val   Loss: 0.3673
2025-05-02 23:08:20,929 - INFO -   Class 0: Top-k Acc → Train: 1.000, Val: 1.000;  PR-AUC → Train: 1.000, Val: 1.000
2025-05-02 23:08:20,929 - INFO -   Class 1: Top-k Acc → Train: 0.595, Val: 0.527;  PR-AUC → Train: 0.652, Val: 0.514
2025-05-02 23:08:20,929 - INFO -   Class 2: Top-k Acc → Train: 0.503, Val: 0.444;  PR-AUC → Train: 0.559, Val: 0.401
2025-05-02 23:08:20,929 - INFO -   Train counts (true → pred): [16315207     2409     2384] → [16290424    13128    16448]
2025-05-02 23:08:20,930 - INFO -   Val   counts (true → pred): [20199427     2787     2786] → [20169277    17441    18282]
2025-05-02 23:08:20,930 - INFO - ------------------------------------------------------------
2025-05-02 23:09:13,398 - INFO - Epoch 34/200
2025-05-02 23:09:13,399 - INFO -   Train Loss: 0.0024
2025-05-02 23:09:13,399 - INFO -   Val   Loss: 0.3904
2025-05-02 23:09:13,399 - INFO -   Class 0: Top-k Acc → Train: 1.000, Val: 1.000;  PR-AUC → Train: 1.000, Val: 1.000
2025-05-02 23:09:13,399 - INFO -   Class 1: Top-k Acc → Train: 0.605, Val: 0.536;  PR-AUC → Train: 0.663, Val: 0.518
2025-05-02 23:09:13,399 - INFO -   Class 2: Top-k Acc → Train: 0.522, Val: 0.446;  PR-AUC → Train: 0.575, Val: 0.397
2025-05-02 23:09:13,399 - INFO -   Train counts (true → pred): [16315207     2409     2384] → [16291884    12715    15401]
2025-05-02 23:09:13,399 - INFO -   Val   counts (true → pred): [20199427     2787     2786] → [20171962    13894    19144]
2025-05-02 23:09:13,399 - INFO - ------------------------------------------------------------
2025-05-02 23:10:06,410 - INFO - Epoch 35/200
2025-05-02 23:10:06,411 - INFO -   Train Loss: 0.0023
2025-05-02 23:10:06,411 - INFO -   Val   Loss: 0.5046
2025-05-02 23:10:06,411 - INFO -   Class 0: Top-k Acc → Train: 1.000, Val: 1.000;  PR-AUC → Train: 1.000, Val: 1.000
2025-05-02 23:10:06,411 - INFO -   Class 1: Top-k Acc → Train: 0.606, Val: 0.532;  PR-AUC → Train: 0.672, Val: 0.518
2025-05-02 23:10:06,411 - INFO -   Class 2: Top-k Acc → Train: 0.530, Val: 0.452;  PR-AUC → Train: 0.582, Val: 0.399
2025-05-02 23:10:06,411 - INFO -   Train counts (true → pred): [16315207     2409     2384] → [16293473    11824    14703]
2025-05-02 23:10:06,412 - INFO -   Val   counts (true → pred): [20199427     2787     2786] → [20178002    12076    14922]
2025-05-02 23:10:06,412 - INFO - ------------------------------------------------------------
2025-05-02 23:10:59,284 - INFO - Epoch 36/200
2025-05-02 23:10:59,285 - INFO -   Train Loss: 0.0022
2025-05-02 23:10:59,285 - INFO -   Val   Loss: 0.2804
2025-05-02 23:10:59,285 - INFO -   Class 0: Top-k Acc → Train: 1.000, Val: 1.000;  PR-AUC → Train: 1.000, Val: 1.000
2025-05-02 23:10:59,285 - INFO -   Class 1: Top-k Acc → Train: 0.619, Val: 0.529;  PR-AUC → Train: 0.679, Val: 0.510
2025-05-02 23:10:59,285 - INFO -   Class 2: Top-k Acc → Train: 0.537, Val: 0.441;  PR-AUC → Train: 0.587, Val: 0.387
2025-05-02 23:10:59,285 - INFO -   Train counts (true → pred): [16315207     2409     2384] → [16293739    11870    14391]
2025-05-02 23:10:59,285 - INFO -   Val   counts (true → pred): [20199427     2787     2786] → [20159123    20167    25710]
2025-05-02 23:10:59,286 - INFO - ------------------------------------------------------------
2025-05-02 23:11:52,216 - INFO - Epoch 37/200
2025-05-02 23:11:52,217 - INFO -   Train Loss: 0.0023
2025-05-02 23:11:52,217 - INFO -   Val   Loss: 0.5284
2025-05-02 23:11:52,217 - INFO -   Class 0: Top-k Acc → Train: 1.000, Val: 1.000;  PR-AUC → Train: 1.000, Val: 1.000
2025-05-02 23:11:52,217 - INFO -   Class 1: Top-k Acc → Train: 0.623, Val: 0.539;  PR-AUC → Train: 0.679, Val: 0.529
2025-05-02 23:11:52,217 - INFO -   Class 2: Top-k Acc → Train: 0.549, Val: 0.440;  PR-AUC → Train: 0.586, Val: 0.393
2025-05-02 23:11:52,217 - INFO -   Train counts (true → pred): [16315207     2409     2384] → [16292634    12150    15216]
2025-05-02 23:11:52,217 - INFO -   Val   counts (true → pred): [20199427     2787     2786] → [20177771    11123    16106]
2025-05-02 23:11:52,218 - INFO - ------------------------------------------------------------
2025-05-02 23:12:44,822 - INFO - Epoch 38/200
2025-05-02 23:12:44,822 - INFO -   Train Loss: 0.0022
2025-05-02 23:12:44,822 - INFO -   Val   Loss: 0.5274
2025-05-02 23:12:44,822 - INFO -   Class 0: Top-k Acc → Train: 1.000, Val: 1.000;  PR-AUC → Train: 1.000, Val: 1.000
2025-05-02 23:12:44,822 - INFO -   Class 1: Top-k Acc → Train: 0.638, Val: 0.528;  PR-AUC → Train: 0.693, Val: 0.513
2025-05-02 23:12:44,822 - INFO -   Class 2: Top-k Acc → Train: 0.552, Val: 0.440;  PR-AUC → Train: 0.591, Val: 0.390
2025-05-02 23:12:44,822 - INFO -   Train counts (true → pred): [16315207     2409     2384] → [16294389    11163    14448]
2025-05-02 23:12:44,823 - INFO -   Val   counts (true → pred): [20199427     2787     2786] → [20177472    14022    13506]
2025-05-02 23:12:44,823 - INFO - ------------------------------------------------------------
2025-05-02 23:13:38,283 - INFO - Epoch 39/200
2025-05-02 23:13:38,283 - INFO -   Train Loss: 0.0020
2025-05-02 23:13:38,283 - INFO -   Val   Loss: 0.4703
2025-05-02 23:13:38,283 - INFO -   Class 0: Top-k Acc → Train: 1.000, Val: 1.000;  PR-AUC → Train: 1.000, Val: 1.000
2025-05-02 23:13:38,283 - INFO -   Class 1: Top-k Acc → Train: 0.644, Val: 0.543;  PR-AUC → Train: 0.695, Val: 0.527
2025-05-02 23:13:38,283 - INFO -   Class 2: Top-k Acc → Train: 0.579, Val: 0.455;  PR-AUC → Train: 0.614, Val: 0.401
2025-05-02 23:13:38,284 - INFO -   Train counts (true → pred): [16315207     2409     2384] → [16296055    10900    13045]
2025-05-02 23:13:38,284 - INFO -   Val   counts (true → pred): [20199427     2787     2786] → [20176033    13073    15894]
2025-05-02 23:13:38,284 - INFO - ------------------------------------------------------------
2025-05-02 23:13:38,699 - INFO - Model checkpoint saved to /orange/sai.zhang/khoa/repos/SpliceAI/outs/model_epoch_40.pth
2025-05-02 23:14:31,767 - INFO - Epoch 40/200
2025-05-02 23:14:31,767 - INFO -   Train Loss: 0.0018
2025-05-02 23:14:31,767 - INFO -   Val   Loss: 0.6470
2025-05-02 23:14:31,767 - INFO -   Class 0: Top-k Acc → Train: 1.000, Val: 1.000;  PR-AUC → Train: 1.000, Val: 1.000
2025-05-02 23:14:31,767 - INFO -   Class 1: Top-k Acc → Train: 0.658, Val: 0.536;  PR-AUC → Train: 0.712, Val: 0.524
2025-05-02 23:14:31,767 - INFO -   Class 2: Top-k Acc → Train: 0.597, Val: 0.453;  PR-AUC → Train: 0.633, Val: 0.409
2025-05-02 23:14:31,768 - INFO -   Train counts (true → pred): [16315207     2409     2384] → [16297986    10023    11991]
2025-05-02 23:14:31,768 - INFO -   Val   counts (true → pred): [20199427     2787     2786] → [20183635     9617    11748]
2025-05-02 23:14:31,768 - INFO - ------------------------------------------------------------
2025-05-02 23:15:24,315 - INFO - Epoch 41/200
2025-05-02 23:15:24,315 - INFO -   Train Loss: 0.0017
2025-05-02 23:15:24,315 - INFO -   Val   Loss: 0.7887
2025-05-02 23:15:24,315 - INFO -   Class 0: Top-k Acc → Train: 1.000, Val: 1.000;  PR-AUC → Train: 1.000, Val: 1.000
2025-05-02 23:15:24,315 - INFO -   Class 1: Top-k Acc → Train: 0.662, Val: 0.546;  PR-AUC → Train: 0.718, Val: 0.534
2025-05-02 23:15:24,315 - INFO -   Class 2: Top-k Acc → Train: 0.601, Val: 0.462;  PR-AUC → Train: 0.640, Val: 0.417
2025-05-02 23:15:24,315 - INFO -   Train counts (true → pred): [16315207     2409     2384] → [16299207     9660    11133]
2025-05-02 23:15:24,316 - INFO -   Val   counts (true → pred): [20199427     2787     2786] → [20187211     8302     9487]
2025-05-02 23:15:24,316 - INFO - ------------------------------------------------------------
2025-05-02 23:16:18,276 - INFO - Epoch 42/200
2025-05-02 23:16:18,276 - INFO -   Train Loss: 0.0016
2025-05-02 23:16:18,276 - INFO -   Val   Loss: 0.5078
2025-05-02 23:16:18,276 - INFO -   Class 0: Top-k Acc → Train: 1.000, Val: 1.000;  PR-AUC → Train: 1.000, Val: 1.000
2025-05-02 23:16:18,277 - INFO -   Class 1: Top-k Acc → Train: 0.673, Val: 0.541;  PR-AUC → Train: 0.730, Val: 0.529
2025-05-02 23:16:18,277 - INFO -   Class 2: Top-k Acc → Train: 0.625, Val: 0.456;  PR-AUC → Train: 0.655, Val: 0.404
2025-05-02 23:16:18,277 - INFO -   Train counts (true → pred): [16315207     2409     2384] → [16300346     8986    10668]
2025-05-02 23:16:18,277 - INFO -   Val   counts (true → pred): [20199427     2787     2786] → [20177856    11898    15246]
2025-05-02 23:16:18,277 - INFO - ------------------------------------------------------------
2025-05-02 23:17:11,203 - INFO - Epoch 43/200
2025-05-02 23:17:11,203 - INFO -   Train Loss: 0.0015
2025-05-02 23:17:11,203 - INFO -   Val   Loss: 0.6965
2025-05-02 23:17:11,203 - INFO -   Class 0: Top-k Acc → Train: 1.000, Val: 1.000;  PR-AUC → Train: 1.000, Val: 1.000
2025-05-02 23:17:11,203 - INFO -   Class 1: Top-k Acc → Train: 0.685, Val: 0.552;  PR-AUC → Train: 0.738, Val: 0.535
2025-05-02 23:17:11,204 - INFO -   Class 2: Top-k Acc → Train: 0.637, Val: 0.466;  PR-AUC → Train: 0.666, Val: 0.414
2025-05-02 23:17:11,204 - INFO -   Train counts (true → pred): [16315207     2409     2384] → [16301029     8891    10080]
2025-05-02 23:17:11,204 - INFO -   Val   counts (true → pred): [20199427     2787     2786] → [20184423    10182    10395]
2025-05-02 23:17:11,204 - INFO - ------------------------------------------------------------
2025-05-02 23:18:03,895 - INFO - Epoch 44/200
2025-05-02 23:18:03,895 - INFO -   Train Loss: 0.0014
2025-05-02 23:18:03,895 - INFO -   Val   Loss: 0.6693
2025-05-02 23:18:03,895 - INFO -   Class 0: Top-k Acc → Train: 1.000, Val: 1.000;  PR-AUC → Train: 1.000, Val: 1.000
2025-05-02 23:18:03,895 - INFO -   Class 1: Top-k Acc → Train: 0.706, Val: 0.549;  PR-AUC → Train: 0.745, Val: 0.537
2025-05-02 23:18:03,895 - INFO -   Class 2: Top-k Acc → Train: 0.645, Val: 0.464;  PR-AUC → Train: 0.675, Val: 0.412
2025-05-02 23:18:03,895 - INFO -   Train counts (true → pred): [16315207     2409     2384] → [16302242     8414     9344]
2025-05-02 23:18:03,896 - INFO -   Val   counts (true → pred): [20199427     2787     2786] → [20183892     9503    11605]
2025-05-02 23:18:03,896 - INFO - ------------------------------------------------------------
2025-05-02 23:18:56,648 - INFO - Epoch 45/200
2025-05-02 23:18:56,649 - INFO -   Train Loss: 0.0013
2025-05-02 23:18:56,649 - INFO -   Val   Loss: 0.7287
2025-05-02 23:18:56,649 - INFO -   Class 0: Top-k Acc → Train: 1.000, Val: 1.000;  PR-AUC → Train: 1.000, Val: 1.000
2025-05-02 23:18:56,649 - INFO -   Class 1: Top-k Acc → Train: 0.720, Val: 0.555;  PR-AUC → Train: 0.756, Val: 0.539
2025-05-02 23:18:56,649 - INFO -   Class 2: Top-k Acc → Train: 0.669, Val: 0.463;  PR-AUC → Train: 0.688, Val: 0.414
2025-05-02 23:18:56,649 - INFO -   Train counts (true → pred): [16315207     2409     2384] → [16302690     8182     9128]
2025-05-02 23:18:56,649 - INFO -   Val   counts (true → pred): [20199427     2787     2786] → [20184902     9539    10559]
2025-05-02 23:18:56,650 - INFO - ------------------------------------------------------------
2025-05-02 23:19:49,696 - INFO - Epoch 46/200
2025-05-02 23:19:49,696 - INFO -   Train Loss: 0.0016
2025-05-02 23:19:49,696 - INFO -   Val   Loss: 0.2047
2025-05-02 23:19:49,696 - INFO -   Class 0: Top-k Acc → Train: 1.000, Val: 1.000;  PR-AUC → Train: 1.000, Val: 1.000
2025-05-02 23:19:49,696 - INFO -   Class 1: Top-k Acc → Train: 0.686, Val: 0.497;  PR-AUC → Train: 0.735, Val: 0.427
2025-05-02 23:19:49,696 - INFO -   Class 2: Top-k Acc → Train: 0.652, Val: 0.414;  PR-AUC → Train: 0.670, Val: 0.328
2025-05-02 23:19:49,696 - INFO -   Train counts (true → pred): [16315207     2409     2384] → [16300425     9165    10410]
2025-05-02 23:19:49,697 - INFO -   Val   counts (true → pred): [20199427     2787     2786] → [20125249    36030    43721]
2025-05-02 23:19:49,697 - INFO - ------------------------------------------------------------
2025-05-02 23:20:38,414 - INFO - Epoch 47/200
2025-05-02 23:20:38,414 - INFO -   Train Loss: 0.0548
2025-05-02 23:20:38,414 - INFO -   Val   Loss: 88.3667
2025-05-02 23:20:38,414 - INFO -   Class 0: Top-k Acc → Train: 1.000, Val: 1.000;  PR-AUC → Train: 1.000, Val: 1.000
2025-05-02 23:20:38,414 - INFO -   Class 1: Top-k Acc → Train: 0.100, Val: 0.030;  PR-AUC → Train: 0.082, Val: 0.004
2025-05-02 23:20:38,414 - INFO -   Class 2: Top-k Acc → Train: 0.098, Val: 0.013;  PR-AUC → Train: 0.080, Val: 0.002
2025-05-02 23:20:38,414 - INFO -   Train counts (true → pred): [16315207     2409     2384] → [16097503   103255   119242]
2025-05-02 23:20:38,415 - INFO -   Val   counts (true → pred): [20199427     2787     2786] → [20189074     2452    13474]
2025-05-02 23:20:38,415 - INFO - ------------------------------------------------------------
2025-05-02 23:21:39,963 - INFO - Epoch 48/200
2025-05-02 23:21:39,963 - INFO -   Train Loss: 0.0749
2025-05-02 23:21:39,963 - INFO -   Val   Loss: 0.2489
2025-05-02 23:21:39,963 - INFO -   Class 0: Top-k Acc → Train: 1.000, Val: 1.000;  PR-AUC → Train: 1.000, Val: 1.000
2025-05-02 23:21:39,964 - INFO -   Class 1: Top-k Acc → Train: 0.144, Val: 0.230;  PR-AUC → Train: 0.086, Val: 0.141
2025-05-02 23:21:39,964 - INFO -   Class 2: Top-k Acc → Train: 0.125, Val: 0.165;  PR-AUC → Train: 0.070, Val: 0.086
2025-05-02 23:21:39,964 - INFO -   Train counts (true → pred): [16315207     2409     2384] → [15717323   269396   333281]
2025-05-02 23:21:39,964 - INFO -   Val   counts (true → pred): [20199427     2787     2786] → [18966198   567505   671297]
2025-05-02 23:21:39,964 - INFO - ------------------------------------------------------------
2025-05-02 23:22:41,818 - INFO - Epoch 49/200
2025-05-02 23:22:41,819 - INFO -   Train Loss: 0.0499
2025-05-02 23:22:41,819 - INFO -   Val   Loss: 0.0620
2025-05-02 23:22:41,819 - INFO -   Class 0: Top-k Acc → Train: 1.000, Val: 1.000;  PR-AUC → Train: 1.000, Val: 1.000
2025-05-02 23:22:41,819 - INFO -   Class 1: Top-k Acc → Train: 0.231, Val: 0.302;  PR-AUC → Train: 0.161, Val: 0.227
2025-05-02 23:22:41,819 - INFO -   Class 2: Top-k Acc → Train: 0.243, Val: 0.274;  PR-AUC → Train: 0.170, Val: 0.198
2025-05-02 23:22:41,819 - INFO -   Train counts (true → pred): [16315207     2409     2384] → [15795583   246237   278180]
2025-05-02 23:22:41,820 - INFO -   Val   counts (true → pred): [20199427     2787     2786] → [19360897   387816   456287]
2025-05-02 23:22:41,820 - INFO - ------------------------------------------------------------
2025-05-02 23:22:42,145 - INFO - Model checkpoint saved to /orange/sai.zhang/khoa/repos/SpliceAI/outs/model_epoch_50.pth
2025-05-02 23:23:42,800 - INFO - Epoch 50/200
2025-05-02 23:23:42,801 - INFO -   Train Loss: 0.0349
2025-05-02 23:23:42,801 - INFO -   Val   Loss: 0.0595
2025-05-02 23:23:42,801 - INFO -   Class 0: Top-k Acc → Train: 1.000, Val: 1.000;  PR-AUC → Train: 1.000, Val: 1.000
2025-05-02 23:23:42,801 - INFO -   Class 1: Top-k Acc → Train: 0.324, Val: 0.356;  PR-AUC → Train: 0.268, Val: 0.290
2025-05-02 23:23:42,801 - INFO -   Class 2: Top-k Acc → Train: 0.278, Val: 0.286;  PR-AUC → Train: 0.207, Val: 0.214
2025-05-02 23:23:42,801 - INFO -   Train counts (true → pred): [16315207     2409     2384] → [15926618   164660   228722]
2025-05-02 23:23:42,801 - INFO -   Val   counts (true → pred): [20199427     2787     2786] → [19903626   121678   179696]
2025-05-02 23:23:42,802 - INFO - ------------------------------------------------------------
2025-05-02 23:24:42,233 - INFO - Epoch 51/200
2025-05-02 23:24:42,235 - INFO -   Train Loss: 0.0258
2025-05-02 23:24:42,235 - INFO -   Val   Loss: 0.0477
2025-05-02 23:24:42,235 - INFO -   Class 0: Top-k Acc → Train: 1.000, Val: 1.000;  PR-AUC → Train: 1.000, Val: 1.000
2025-05-02 23:24:42,235 - INFO -   Class 1: Top-k Acc → Train: 0.370, Val: 0.402;  PR-AUC → Train: 0.316, Val: 0.346
2025-05-02 23:24:42,235 - INFO -   Class 2: Top-k Acc → Train: 0.311, Val: 0.313;  PR-AUC → Train: 0.236, Val: 0.251
2025-05-02 23:24:42,235 - INFO -   Train counts (true → pred): [16315207     2409     2384] → [16042452   111705   165843]
2025-05-02 23:24:42,235 - INFO -   Val   counts (true → pred): [20199427     2787     2786] → [19809180   175162   220658]
2025-05-02 23:24:42,236 - INFO - ------------------------------------------------------------
2025-05-02 23:25:42,256 - INFO - Epoch 52/200
2025-05-02 23:25:42,257 - INFO -   Train Loss: 0.0220
2025-05-02 23:25:42,257 - INFO -   Val   Loss: 0.0507
2025-05-02 23:25:42,257 - INFO -   Class 0: Top-k Acc → Train: 1.000, Val: 1.000;  PR-AUC → Train: 1.000, Val: 1.000
2025-05-02 23:25:42,257 - INFO -   Class 1: Top-k Acc → Train: 0.400, Val: 0.408;  PR-AUC → Train: 0.351, Val: 0.359
2025-05-02 23:25:42,257 - INFO -   Class 2: Top-k Acc → Train: 0.312, Val: 0.335;  PR-AUC → Train: 0.260, Val: 0.283
2025-05-02 23:25:42,257 - INFO -   Train counts (true → pred): [16315207     2409     2384] → [16059241   109913   150846]
2025-05-02 23:25:42,258 - INFO -   Val   counts (true → pred): [20199427     2787     2786] → [19932342   111192   161466]
2025-05-02 23:25:42,258 - INFO - ------------------------------------------------------------
2025-05-02 23:26:41,742 - INFO - Epoch 53/200
2025-05-02 23:26:41,743 - INFO -   Train Loss: 0.0175
2025-05-02 23:26:41,743 - INFO -   Val   Loss: 0.0704
2025-05-02 23:26:41,743 - INFO -   Class 0: Top-k Acc → Train: 1.000, Val: 1.000;  PR-AUC → Train: 1.000, Val: 1.000
2025-05-02 23:26:41,743 - INFO -   Class 1: Top-k Acc → Train: 0.418, Val: 0.436;  PR-AUC → Train: 0.375, Val: 0.396
2025-05-02 23:26:41,743 - INFO -   Class 2: Top-k Acc → Train: 0.359, Val: 0.361;  PR-AUC → Train: 0.311, Val: 0.308
2025-05-02 23:26:41,743 - INFO -   Train counts (true → pred): [16315207     2409     2384] → [16119568    83484   116948]
2025-05-02 23:26:41,744 - INFO -   Val   counts (true → pred): [20199427     2787     2786] → [20039219    74400    91381]
2025-05-02 23:26:41,744 - INFO - ------------------------------------------------------------
2025-05-02 23:27:40,102 - INFO - Epoch 54/200
2025-05-02 23:27:40,102 - INFO -   Train Loss: 0.0142
2025-05-02 23:27:40,103 - INFO -   Val   Loss: 0.0739
2025-05-02 23:27:40,103 - INFO -   Class 0: Top-k Acc → Train: 1.000, Val: 1.000;  PR-AUC → Train: 1.000, Val: 1.000
2025-05-02 23:27:40,103 - INFO -   Class 1: Top-k Acc → Train: 0.455, Val: 0.454;  PR-AUC → Train: 0.429, Val: 0.414
2025-05-02 23:27:40,103 - INFO -   Class 2: Top-k Acc → Train: 0.391, Val: 0.375;  PR-AUC → Train: 0.352, Val: 0.329
2025-05-02 23:27:40,103 - INFO -   Train counts (true → pred): [16315207     2409     2384] → [16160171    66631    93198]
2025-05-02 23:27:40,103 - INFO -   Val   counts (true → pred): [20199427     2787     2786] → [20054336    60758    89906]
2025-05-02 23:27:40,103 - INFO - ------------------------------------------------------------
2025-05-02 23:28:36,627 - INFO - Epoch 55/200
2025-05-02 23:28:36,628 - INFO -   Train Loss: 0.0121
2025-05-02 23:28:36,628 - INFO -   Val   Loss: 0.0774
2025-05-02 23:28:36,628 - INFO -   Class 0: Top-k Acc → Train: 1.000, Val: 1.000;  PR-AUC → Train: 1.000, Val: 1.000
2025-05-02 23:28:36,628 - INFO -   Class 1: Top-k Acc → Train: 0.466, Val: 0.466;  PR-AUC → Train: 0.440, Val: 0.427
2025-05-02 23:28:36,628 - INFO -   Class 2: Top-k Acc → Train: 0.410, Val: 0.389;  PR-AUC → Train: 0.370, Val: 0.341
2025-05-02 23:28:36,628 - INFO -   Train counts (true → pred): [16315207     2409     2384] → [16181409    57266    81325]
2025-05-02 23:28:36,628 - INFO -   Val   counts (true → pred): [20199427     2787     2786] → [20064818    65732    74450]
2025-05-02 23:28:36,629 - INFO - ------------------------------------------------------------
