2025-05-04 21:56:19,705 - INFO - Starting training...
2025-05-04 21:56:29,028 - INFO - Loaded datasets: 163234 training samples, 20206 validation samples
2025-05-04 21:56:29,602 - INFO - Using device: cuda
2025-05-04 21:58:45,056 - INFO - Class weights: tensor([7.4506e-05, 4.9996e-01, 4.9996e-01], device='cuda:0')
2025-05-04 21:58:51,816 - INFO - Model architecture: SpliceAI_10k
2025-05-04 21:58:51,817 - INFO - Model parameters: 696739
2025-05-04 21:58:51,817 - INFO - Training with batch size: 256
2025-05-04 21:58:51,817 - INFO - Training with learning rate: 0.001000
2025-05-04 21:58:51,817 - INFO - Training with num epochs: 200
2025-05-04 21:58:51,817 - INFO - Training with flank size: 5000
2025-05-04 21:58:51,817 - INFO - Training with random seed: 1809
2025-05-04 21:58:51,817 - INFO - Training with output directory: outs_100_10k_drop01_noweight
2025-05-04 21:58:51,817 - INFO - Not using class weights for loss function
2025-05-04 22:32:07,055 - INFO - Epoch 0/200
2025-05-04 22:32:07,088 - INFO -   Train Loss: 0.0045
2025-05-04 22:32:07,090 - INFO -   Val   Loss: 0.0011
2025-05-04 22:32:07,090 - INFO -   Class 0: Top-k Acc → Train: 1.000, Val: 1.000;  PR-AUC → Train: 1.000, Val: 1.000
2025-05-04 22:32:07,090 - INFO -   Class 1: Top-k Acc → Train: 0.024, Val: 0.344;  PR-AUC → Train: 0.017, Val: 0.274
2025-05-04 22:32:07,090 - INFO -   Class 2: Top-k Acc → Train: 0.004, Val: 0.301;  PR-AUC → Train: 0.010, Val: 0.223
2025-05-04 22:32:07,090 - INFO -   Train counts (true → pred): [815926816    121592    121592] → [815241750    399196    529054]
2025-05-04 22:32:07,099 - INFO -   Val   counts (true → pred): [101002648     13676     13676] → [101026937      2038      1025]
2025-05-04 22:32:07,099 - INFO - ------------------------------------------------------------
2025-05-04 23:03:30,344 - INFO - Epoch 1/200
2025-05-04 23:03:30,344 - INFO -   Train Loss: 0.0009
2025-05-04 23:03:30,344 - INFO -   Val   Loss: 0.0006
2025-05-04 23:03:30,344 - INFO -   Class 0: Top-k Acc → Train: 1.000, Val: 1.000;  PR-AUC → Train: 1.000, Val: 1.000
2025-05-04 23:03:30,344 - INFO -   Class 1: Top-k Acc → Train: 0.505, Val: 0.653;  PR-AUC → Train: 0.497, Val: 0.690
2025-05-04 23:03:30,344 - INFO -   Class 2: Top-k Acc → Train: 0.397, Val: 0.548;  PR-AUC → Train: 0.343, Val: 0.533
2025-05-04 23:03:30,344 - INFO -   Train counts (true → pred): [815926816    121592    121592] → [816069225     61003     39772]
2025-05-04 23:03:30,345 - INFO -   Val   counts (true → pred): [101002648     13676     13676] → [101014095      8715      7190]
2025-05-04 23:03:30,345 - INFO - ------------------------------------------------------------
2025-05-04 23:34:28,984 - INFO - Epoch 2/200
2025-05-04 23:34:29,015 - INFO -   Train Loss: 0.0007
2025-05-04 23:34:29,016 - INFO -   Val   Loss: 0.0005
2025-05-04 23:34:29,016 - INFO -   Class 0: Top-k Acc → Train: 1.000, Val: 1.000;  PR-AUC → Train: 1.000, Val: 1.000
2025-05-04 23:34:29,016 - INFO -   Class 1: Top-k Acc → Train: 0.648, Val: 0.725;  PR-AUC → Train: 0.687, Val: 0.785
2025-05-04 23:34:29,016 - INFO -   Class 2: Top-k Acc → Train: 0.578, Val: 0.693;  PR-AUC → Train: 0.586, Val: 0.749
2025-05-04 23:34:29,016 - INFO -   Train counts (true → pred): [815926816    121592    121592] → [816014923     85706     69371]
2025-05-04 23:34:29,091 - INFO -   Val   counts (true → pred): [101002648     13676     13676] → [101013366      9090      7544]
2025-05-04 23:34:29,091 - INFO - ------------------------------------------------------------
2025-05-05 00:05:13,297 - INFO - Epoch 3/200
2025-05-05 00:05:13,297 - INFO -   Train Loss: 0.0005
2025-05-05 00:05:13,297 - INFO -   Val   Loss: 0.0006
2025-05-05 00:05:13,297 - INFO -   Class 0: Top-k Acc → Train: 1.000, Val: 1.000;  PR-AUC → Train: 1.000, Val: 1.000
2025-05-05 00:05:13,298 - INFO -   Class 1: Top-k Acc → Train: 0.738, Val: 0.755;  PR-AUC → Train: 0.798, Val: 0.820
2025-05-05 00:05:13,298 - INFO -   Class 2: Top-k Acc → Train: 0.700, Val: 0.711;  PR-AUC → Train: 0.747, Val: 0.766
2025-05-05 00:05:13,298 - INFO -   Train counts (true → pred): [815926816    121592    121592] → [815979303     99410     91287]
2025-05-05 00:05:13,298 - INFO -   Val   counts (true → pred): [101002648     13676     13676] → [101019064      5740      5196]
2025-05-05 00:05:13,298 - INFO - ------------------------------------------------------------
2025-05-05 00:35:32,166 - INFO - Epoch 4/200
2025-05-05 00:35:32,204 - INFO -   Train Loss: 0.0004
2025-05-05 00:35:32,205 - INFO -   Val   Loss: 0.0003
2025-05-05 00:35:32,205 - INFO -   Class 0: Top-k Acc → Train: 1.000, Val: 1.000;  PR-AUC → Train: 1.000, Val: 1.000
2025-05-05 00:35:32,205 - INFO -   Class 1: Top-k Acc → Train: 0.803, Val: 0.855;  PR-AUC → Train: 0.866, Val: 0.917
2025-05-05 00:35:32,206 - INFO -   Class 2: Top-k Acc → Train: 0.771, Val: 0.829;  PR-AUC → Train: 0.830, Val: 0.893
2025-05-05 00:35:32,206 - INFO -   Train counts (true → pred): [815926816    121592    121592] → [815959682    107467    102851]
2025-05-05 00:35:32,217 - INFO -   Val   counts (true → pred): [101002648     13676     13676] → [101005682     12039     12279]
2025-05-05 00:35:32,217 - INFO - ------------------------------------------------------------
2025-05-05 01:05:58,021 - INFO - Epoch 5/200
2025-05-05 01:05:58,021 - INFO -   Train Loss: 0.0003
2025-05-05 01:05:58,021 - INFO -   Val   Loss: 0.0003
2025-05-05 01:05:58,021 - INFO -   Class 0: Top-k Acc → Train: 1.000, Val: 1.000;  PR-AUC → Train: 1.000, Val: 1.000
2025-05-05 01:05:58,022 - INFO -   Class 1: Top-k Acc → Train: 0.838, Val: 0.860;  PR-AUC → Train: 0.900, Val: 0.922
2025-05-05 01:05:58,022 - INFO -   Class 2: Top-k Acc → Train: 0.812, Val: 0.837;  PR-AUC → Train: 0.874, Val: 0.902
2025-05-05 01:05:58,022 - INFO -   Train counts (true → pred): [815926816    121592    121592] → [815951063    110846    108091]
2025-05-05 01:05:58,022 - INFO -   Val   counts (true → pred): [101002648     13676     13676] → [100997410     17003     15587]
2025-05-05 01:05:58,022 - INFO - ------------------------------------------------------------
2025-05-05 01:36:31,531 - INFO - Epoch 6/200
2025-05-05 01:36:31,533 - INFO -   Train Loss: 0.0003
2025-05-05 01:36:31,534 - INFO -   Val   Loss: 0.0003
2025-05-05 01:36:31,534 - INFO -   Class 0: Top-k Acc → Train: 1.000, Val: 1.000;  PR-AUC → Train: 1.000, Val: 1.000
2025-05-05 01:36:31,534 - INFO -   Class 1: Top-k Acc → Train: 0.857, Val: 0.869;  PR-AUC → Train: 0.916, Val: 0.930
2025-05-05 01:36:31,534 - INFO -   Class 2: Top-k Acc → Train: 0.834, Val: 0.845;  PR-AUC → Train: 0.895, Val: 0.908
2025-05-05 01:36:31,534 - INFO -   Train counts (true → pred): [815926816    121592    121592] → [815947341    112380    110279]
2025-05-05 01:36:31,536 - INFO -   Val   counts (true → pred): [101002648     13676     13676] → [101000738     14547     14715]
2025-05-05 01:36:31,536 - INFO - ------------------------------------------------------------
2025-05-05 02:06:59,523 - INFO - Epoch 7/200
2025-05-05 02:06:59,578 - INFO -   Train Loss: 0.0003
2025-05-05 02:06:59,578 - INFO -   Val   Loss: 0.0002
2025-05-05 02:06:59,578 - INFO -   Class 0: Top-k Acc → Train: 1.000, Val: 1.000;  PR-AUC → Train: 1.000, Val: 1.000
2025-05-05 02:06:59,579 - INFO -   Class 1: Top-k Acc → Train: 0.869, Val: 0.890;  PR-AUC → Train: 0.926, Val: 0.944
2025-05-05 02:06:59,579 - INFO -   Class 2: Top-k Acc → Train: 0.850, Val: 0.869;  PR-AUC → Train: 0.909, Val: 0.926
2025-05-05 02:06:59,579 - INFO -   Train counts (true → pred): [815926816    121592    121592] → [815945108    113157    111735]
2025-05-05 02:06:59,589 - INFO -   Val   counts (true → pred): [101002648     13676     13676] → [101003485     13323     13192]
2025-05-05 02:06:59,589 - INFO - ------------------------------------------------------------
2025-05-05 02:37:18,204 - INFO - Epoch 8/200
2025-05-05 02:37:18,205 - INFO -   Train Loss: 0.0002
2025-05-05 02:37:18,206 - INFO -   Val   Loss: 0.0003
2025-05-05 02:37:18,206 - INFO -   Class 0: Top-k Acc → Train: 1.000, Val: 1.000;  PR-AUC → Train: 1.000, Val: 1.000
2025-05-05 02:37:18,206 - INFO -   Class 1: Top-k Acc → Train: 0.877, Val: 0.879;  PR-AUC → Train: 0.933, Val: 0.938
2025-05-05 02:37:18,206 - INFO -   Class 2: Top-k Acc → Train: 0.862, Val: 0.850;  PR-AUC → Train: 0.918, Val: 0.916
2025-05-05 02:37:18,206 - INFO -   Train counts (true → pred): [815926816    121592    121592] → [815943896    113667    112437]
2025-05-05 02:37:18,207 - INFO -   Val   counts (true → pred): [101002648     13676     13676] → [100999424     15675     14901]
2025-05-05 02:37:18,207 - INFO - ------------------------------------------------------------
2025-05-05 03:07:28,576 - INFO - Epoch 9/200
2025-05-05 03:07:28,577 - INFO -   Train Loss: 0.0002
2025-05-05 03:07:28,577 - INFO -   Val   Loss: 0.0002
2025-05-05 03:07:28,577 - INFO -   Class 0: Top-k Acc → Train: 1.000, Val: 1.000;  PR-AUC → Train: 1.000, Val: 1.000
2025-05-05 03:07:28,577 - INFO -   Class 1: Top-k Acc → Train: 0.886, Val: 0.892;  PR-AUC → Train: 0.940, Val: 0.945
2025-05-05 03:07:28,577 - INFO -   Class 2: Top-k Acc → Train: 0.871, Val: 0.870;  PR-AUC → Train: 0.926, Val: 0.928
2025-05-05 03:07:28,577 - INFO -   Train counts (true → pred): [815926816    121592    121592] → [815942739    114184    113077]
2025-05-05 03:07:28,578 - INFO -   Val   counts (true → pred): [101002648     13676     13676] → [101002314     14020     13666]
2025-05-05 03:07:28,578 - INFO - ------------------------------------------------------------
2025-05-05 03:07:29,407 - INFO - Model checkpoint saved to /orange/sai.zhang/khoa/repos/SpliceAI/outs_100_10k_drop01_noweight/model_epoch_10.pth
2025-05-05 03:37:48,471 - INFO - Epoch 10/200
2025-05-05 03:37:48,471 - INFO -   Train Loss: 0.0002
2025-05-05 03:37:48,471 - INFO -   Val   Loss: 0.0002
2025-05-05 03:37:48,471 - INFO -   Class 0: Top-k Acc → Train: 1.000, Val: 1.000;  PR-AUC → Train: 1.000, Val: 1.000
2025-05-05 03:37:48,471 - INFO -   Class 1: Top-k Acc → Train: 0.892, Val: 0.900;  PR-AUC → Train: 0.944, Val: 0.950
2025-05-05 03:37:48,471 - INFO -   Class 2: Top-k Acc → Train: 0.877, Val: 0.883;  PR-AUC → Train: 0.931, Val: 0.937
2025-05-05 03:37:48,471 - INFO -   Train counts (true → pred): [815926816    121592    121592] → [815941628    114682    113690]
2025-05-05 03:37:48,472 - INFO -   Val   counts (true → pred): [101002648     13676     13676] → [101002618     13789     13593]
2025-05-05 03:37:48,472 - INFO - ------------------------------------------------------------
2025-05-05 04:08:12,373 - INFO - Epoch 11/200
2025-05-05 04:08:12,401 - INFO -   Train Loss: 0.0002
2025-05-05 04:08:12,402 - INFO -   Val   Loss: 0.0002
2025-05-05 04:08:12,402 - INFO -   Class 0: Top-k Acc → Train: 1.000, Val: 1.000;  PR-AUC → Train: 1.000, Val: 1.000
2025-05-05 04:08:12,402 - INFO -   Class 1: Top-k Acc → Train: 0.896, Val: 0.905;  PR-AUC → Train: 0.947, Val: 0.953
2025-05-05 04:08:12,402 - INFO -   Class 2: Top-k Acc → Train: 0.882, Val: 0.890;  PR-AUC → Train: 0.935, Val: 0.941
2025-05-05 04:08:12,402 - INFO -   Train counts (true → pred): [815926816    121592    121592] → [815941463    114674    113863]
2025-05-05 04:08:12,426 - INFO -   Val   counts (true → pred): [101002648     13676     13676] → [101002041     14324     13635]
2025-05-05 04:08:12,427 - INFO - ------------------------------------------------------------
2025-05-05 04:38:50,542 - INFO - Epoch 12/200
2025-05-05 04:38:50,546 - INFO -   Train Loss: 0.0002
2025-05-05 04:38:50,546 - INFO -   Val   Loss: 0.0002
2025-05-05 04:38:50,546 - INFO -   Class 0: Top-k Acc → Train: 1.000, Val: 1.000;  PR-AUC → Train: 1.000, Val: 1.000
2025-05-05 04:38:50,546 - INFO -   Class 1: Top-k Acc → Train: 0.901, Val: 0.902;  PR-AUC → Train: 0.951, Val: 0.951
2025-05-05 04:38:50,546 - INFO -   Class 2: Top-k Acc → Train: 0.888, Val: 0.888;  PR-AUC → Train: 0.940, Val: 0.941
2025-05-05 04:38:50,546 - INFO -   Train counts (true → pred): [815926816    121592    121592] → [815940776    114940    114284]
2025-05-05 04:38:50,546 - INFO -   Val   counts (true → pred): [101002648     13676     13676] → [100999572     15432     14996]
2025-05-05 04:38:50,547 - INFO - ------------------------------------------------------------
2025-05-05 05:09:14,378 - INFO - Epoch 13/200
2025-05-05 05:09:14,379 - INFO -   Train Loss: 0.0002
2025-05-05 05:09:14,380 - INFO -   Val   Loss: 0.0002
2025-05-05 05:09:14,380 - INFO -   Class 0: Top-k Acc → Train: 1.000, Val: 1.000;  PR-AUC → Train: 1.000, Val: 1.000
2025-05-05 05:09:14,380 - INFO -   Class 1: Top-k Acc → Train: 0.905, Val: 0.899;  PR-AUC → Train: 0.954, Val: 0.950
2025-05-05 05:09:14,380 - INFO -   Class 2: Top-k Acc → Train: 0.893, Val: 0.885;  PR-AUC → Train: 0.944, Val: 0.936
2025-05-05 05:09:14,380 - INFO -   Train counts (true → pred): [815926816    121592    121592] → [815940251    115242    114507]
2025-05-05 05:09:14,381 - INFO -   Val   counts (true → pred): [101002648     13676     13676] → [101006680     11853     11467]
2025-05-05 05:09:14,381 - INFO - ------------------------------------------------------------
2025-05-05 05:39:47,877 - INFO - Epoch 14/200
2025-05-05 05:39:47,906 - INFO -   Train Loss: 0.0002
2025-05-05 05:39:47,906 - INFO -   Val   Loss: 0.0002
2025-05-05 05:39:47,906 - INFO -   Class 0: Top-k Acc → Train: 1.000, Val: 1.000;  PR-AUC → Train: 1.000, Val: 1.000
2025-05-05 05:39:47,906 - INFO -   Class 1: Top-k Acc → Train: 0.908, Val: 0.913;  PR-AUC → Train: 0.956, Val: 0.960
2025-05-05 05:39:47,906 - INFO -   Class 2: Top-k Acc → Train: 0.898, Val: 0.902;  PR-AUC → Train: 0.947, Val: 0.949
2025-05-05 05:39:47,906 - INFO -   Train counts (true → pred): [815926816    121592    121592] → [815939645    115476    114879]
2025-05-05 05:39:47,921 - INFO -   Val   counts (true → pred): [101002648     13676     13676] → [101003747     13221     13032]
2025-05-05 05:39:47,921 - INFO - ------------------------------------------------------------
2025-05-05 06:10:05,358 - INFO - Epoch 15/200
2025-05-05 06:10:05,359 - INFO -   Train Loss: 0.0002
2025-05-05 06:10:05,359 - INFO -   Val   Loss: 0.0002
2025-05-05 06:10:05,359 - INFO -   Class 0: Top-k Acc → Train: 1.000, Val: 1.000;  PR-AUC → Train: 1.000, Val: 1.000
2025-05-05 06:10:05,359 - INFO -   Class 1: Top-k Acc → Train: 0.910, Val: 0.913;  PR-AUC → Train: 0.958, Val: 0.959
2025-05-05 06:10:05,359 - INFO -   Class 2: Top-k Acc → Train: 0.899, Val: 0.899;  PR-AUC → Train: 0.948, Val: 0.947
2025-05-05 06:10:05,359 - INFO -   Train counts (true → pred): [815926816    121592    121592] → [815939510    115588    114902]
2025-05-05 06:10:05,359 - INFO -   Val   counts (true → pred): [101002648     13676     13676] → [101004453     12877     12670]
2025-05-05 06:10:05,360 - INFO - ------------------------------------------------------------
2025-05-05 06:40:37,301 - INFO - Epoch 16/200
2025-05-05 06:40:37,362 - INFO -   Train Loss: 0.0002
2025-05-05 06:40:37,363 - INFO -   Val   Loss: 0.0002
2025-05-05 06:40:37,363 - INFO -   Class 0: Top-k Acc → Train: 1.000, Val: 1.000;  PR-AUC → Train: 1.000, Val: 1.000
2025-05-05 06:40:37,363 - INFO -   Class 1: Top-k Acc → Train: 0.915, Val: 0.910;  PR-AUC → Train: 0.961, Val: 0.959
2025-05-05 06:40:37,364 - INFO -   Class 2: Top-k Acc → Train: 0.904, Val: 0.899;  PR-AUC → Train: 0.952, Val: 0.948
2025-05-05 06:40:37,364 - INFO -   Train counts (true → pred): [815926816    121592    121592] → [815938869    115900    115231]
2025-05-05 06:40:37,380 - INFO -   Val   counts (true → pred): [101002648     13676     13676] → [101003214     13371     13415]
2025-05-05 06:40:37,380 - INFO - ------------------------------------------------------------
2025-05-05 07:11:17,065 - INFO - Epoch 17/200
2025-05-05 07:11:17,065 - INFO -   Train Loss: 0.0002
2025-05-05 07:11:17,065 - INFO -   Val   Loss: 0.0002
2025-05-05 07:11:17,065 - INFO -   Class 0: Top-k Acc → Train: 1.000, Val: 1.000;  PR-AUC → Train: 1.000, Val: 1.000
2025-05-05 07:11:17,066 - INFO -   Class 1: Top-k Acc → Train: 0.916, Val: 0.916;  PR-AUC → Train: 0.962, Val: 0.961
2025-05-05 07:11:17,066 - INFO -   Class 2: Top-k Acc → Train: 0.906, Val: 0.905;  PR-AUC → Train: 0.954, Val: 0.952
2025-05-05 07:11:17,066 - INFO -   Train counts (true → pred): [815926816    121592    121592] → [815938563    116064    115373]
2025-05-05 07:11:17,066 - INFO -   Val   counts (true → pred): [101002648     13676     13676] → [101003752     13224     13024]
2025-05-05 07:11:17,066 - INFO - ------------------------------------------------------------
2025-05-05 07:41:56,726 - INFO - Epoch 18/200
2025-05-05 07:41:56,761 - INFO -   Train Loss: 0.0002
2025-05-05 07:41:56,762 - INFO -   Val   Loss: 0.0002
2025-05-05 07:41:56,762 - INFO -   Class 0: Top-k Acc → Train: 1.000, Val: 1.000;  PR-AUC → Train: 1.000, Val: 1.000
2025-05-05 07:41:56,762 - INFO -   Class 1: Top-k Acc → Train: 0.919, Val: 0.918;  PR-AUC → Train: 0.964, Val: 0.961
2025-05-05 07:41:56,762 - INFO -   Class 2: Top-k Acc → Train: 0.909, Val: 0.907;  PR-AUC → Train: 0.956, Val: 0.953
2025-05-05 07:41:56,762 - INFO -   Train counts (true → pred): [815926816    121592    121592] → [815938097    116195    115708]
2025-05-05 07:41:56,772 - INFO -   Val   counts (true → pred): [101002648     13676     13676] → [101002372     13685     13943]
2025-05-05 07:41:56,772 - INFO - ------------------------------------------------------------
2025-05-05 08:12:27,199 - INFO - Epoch 19/200
2025-05-05 08:12:27,223 - INFO -   Train Loss: 0.0002
2025-05-05 08:12:27,223 - INFO -   Val   Loss: 0.0002
2025-05-05 08:12:27,223 - INFO -   Class 0: Top-k Acc → Train: 1.000, Val: 1.000;  PR-AUC → Train: 1.000, Val: 1.000
2025-05-05 08:12:27,223 - INFO -   Class 1: Top-k Acc → Train: 0.921, Val: 0.916;  PR-AUC → Train: 0.966, Val: 0.962
2025-05-05 08:12:27,223 - INFO -   Class 2: Top-k Acc → Train: 0.911, Val: 0.904;  PR-AUC → Train: 0.958, Val: 0.953
2025-05-05 08:12:27,223 - INFO -   Train counts (true → pred): [815926816    121592    121592] → [815937836    116324    115840]
2025-05-05 08:12:27,224 - INFO -   Val   counts (true → pred): [101002648     13676     13676] → [101002691     13649     13660]
2025-05-05 08:12:27,224 - INFO - ------------------------------------------------------------
2025-05-05 08:12:27,731 - INFO - Model checkpoint saved to /orange/sai.zhang/khoa/repos/SpliceAI/outs_100_10k_drop01_noweight/model_epoch_20.pth
2025-05-05 08:42:51,470 - INFO - Epoch 20/200
2025-05-05 08:42:51,472 - INFO -   Train Loss: 0.0002
2025-05-05 08:42:51,473 - INFO -   Val   Loss: 0.0002
2025-05-05 08:42:51,473 - INFO -   Class 0: Top-k Acc → Train: 1.000, Val: 1.000;  PR-AUC → Train: 1.000, Val: 1.000
2025-05-05 08:42:51,473 - INFO -   Class 1: Top-k Acc → Train: 0.924, Val: 0.917;  PR-AUC → Train: 0.968, Val: 0.962
2025-05-05 08:42:51,473 - INFO -   Class 2: Top-k Acc → Train: 0.914, Val: 0.910;  PR-AUC → Train: 0.960, Val: 0.954
2025-05-05 08:42:51,473 - INFO -   Train counts (true → pred): [815926816    121592    121592] → [815937414    116562    116024]
2025-05-05 08:42:51,474 - INFO -   Val   counts (true → pred): [101002648     13676     13676] → [101005310     12398     12292]
2025-05-05 08:42:51,474 - INFO - ------------------------------------------------------------
2025-05-05 09:13:16,971 - INFO - Epoch 21/200
2025-05-05 09:13:16,971 - INFO -   Train Loss: 0.0002
2025-05-05 09:13:16,971 - INFO -   Val   Loss: 0.0002
2025-05-05 09:13:16,971 - INFO -   Class 0: Top-k Acc → Train: 1.000, Val: 1.000;  PR-AUC → Train: 1.000, Val: 1.000
2025-05-05 09:13:16,971 - INFO -   Class 1: Top-k Acc → Train: 0.925, Val: 0.917;  PR-AUC → Train: 0.968, Val: 0.961
2025-05-05 09:13:16,971 - INFO -   Class 2: Top-k Acc → Train: 0.916, Val: 0.906;  PR-AUC → Train: 0.961, Val: 0.951
2025-05-05 09:13:16,971 - INFO -   Train counts (true → pred): [815926816    121592    121592] → [815937316    116643    116041]
2025-05-05 09:13:16,972 - INFO -   Val   counts (true → pred): [101002648     13676     13676] → [101003269     13590     13141]
2025-05-05 09:13:16,972 - INFO - ------------------------------------------------------------
2025-05-05 09:43:50,411 - INFO - Epoch 22/200
2025-05-05 09:43:50,501 - INFO -   Train Loss: 0.0002
2025-05-05 09:43:50,502 - INFO -   Val   Loss: 0.0002
2025-05-05 09:43:50,502 - INFO -   Class 0: Top-k Acc → Train: 1.000, Val: 1.000;  PR-AUC → Train: 1.000, Val: 1.000
2025-05-05 09:43:50,502 - INFO -   Class 1: Top-k Acc → Train: 0.928, Val: 0.913;  PR-AUC → Train: 0.970, Val: 0.959
2025-05-05 09:43:50,502 - INFO -   Class 2: Top-k Acc → Train: 0.918, Val: 0.904;  PR-AUC → Train: 0.963, Val: 0.951
2025-05-05 09:43:50,502 - INFO -   Train counts (true → pred): [815926816    121592    121592] → [815936902    116794    116304]
2025-05-05 09:43:50,525 - INFO -   Val   counts (true → pred): [101002648     13676     13676] → [101001449     14280     14271]
2025-05-05 09:43:50,526 - INFO - ------------------------------------------------------------
2025-05-05 10:15:02,092 - INFO - Epoch 23/200
2025-05-05 10:15:02,117 - INFO -   Train Loss: 0.0001
2025-05-05 10:15:02,117 - INFO -   Val   Loss: 0.0002
2025-05-05 10:15:02,117 - INFO -   Class 0: Top-k Acc → Train: 1.000, Val: 1.000;  PR-AUC → Train: 1.000, Val: 1.000
2025-05-05 10:15:02,117 - INFO -   Class 1: Top-k Acc → Train: 0.931, Val: 0.922;  PR-AUC → Train: 0.972, Val: 0.965
2025-05-05 10:15:02,117 - INFO -   Class 2: Top-k Acc → Train: 0.921, Val: 0.913;  PR-AUC → Train: 0.965, Val: 0.956
2025-05-05 10:15:02,117 - INFO -   Train counts (true → pred): [815926816    121592    121592] → [815936654    116912    116434]
2025-05-05 10:15:02,118 - INFO -   Val   counts (true → pred): [101002648     13676     13676] → [101004757     12757     12486]
2025-05-05 10:15:02,118 - INFO - ------------------------------------------------------------
2025-05-05 10:45:27,296 - INFO - Epoch 24/200
2025-05-05 10:45:27,334 - INFO -   Train Loss: 0.0001
2025-05-05 10:45:27,334 - INFO -   Val   Loss: 0.0002
2025-05-05 10:45:27,334 - INFO -   Class 0: Top-k Acc → Train: 1.000, Val: 1.000;  PR-AUC → Train: 1.000, Val: 1.000
2025-05-05 10:45:27,334 - INFO -   Class 1: Top-k Acc → Train: 0.933, Val: 0.918;  PR-AUC → Train: 0.974, Val: 0.962
2025-05-05 10:45:27,334 - INFO -   Class 2: Top-k Acc → Train: 0.924, Val: 0.907;  PR-AUC → Train: 0.968, Val: 0.952
2025-05-05 10:45:27,334 - INFO -   Train counts (true → pred): [815926816    121592    121592] → [815936200    117143    116657]
2025-05-05 10:45:27,343 - INFO -   Val   counts (true → pred): [101002648     13676     13676] → [101000299     14652     15049]
2025-05-05 10:45:27,343 - INFO - ------------------------------------------------------------
2025-05-05 11:15:58,771 - INFO - Epoch 25/200
2025-05-05 11:15:58,772 - INFO -   Train Loss: 0.0001
2025-05-05 11:15:58,773 - INFO -   Val   Loss: 0.0002
2025-05-05 11:15:58,773 - INFO -   Class 0: Top-k Acc → Train: 1.000, Val: 1.000;  PR-AUC → Train: 1.000, Val: 1.000
2025-05-05 11:15:58,773 - INFO -   Class 1: Top-k Acc → Train: 0.935, Val: 0.918;  PR-AUC → Train: 0.976, Val: 0.962
2025-05-05 11:15:58,773 - INFO -   Class 2: Top-k Acc → Train: 0.927, Val: 0.903;  PR-AUC → Train: 0.970, Val: 0.949
2025-05-05 11:15:58,773 - INFO -   Train counts (true → pred): [815926816    121592    121592] → [815935785    117368    116847]
2025-05-05 11:15:58,774 - INFO -   Val   counts (true → pred): [101002648     13676     13676] → [101005666     12270     12064]
2025-05-05 11:15:58,774 - INFO - ------------------------------------------------------------
2025-05-05 11:48:06,455 - INFO - Epoch 26/200
2025-05-05 11:48:06,489 - INFO -   Train Loss: 0.0001
2025-05-05 11:48:06,489 - INFO -   Val   Loss: 0.0002
2025-05-05 11:48:06,490 - INFO -   Class 0: Top-k Acc → Train: 1.000, Val: 1.000;  PR-AUC → Train: 1.000, Val: 1.000
2025-05-05 11:48:06,490 - INFO -   Class 1: Top-k Acc → Train: 0.937, Val: 0.917;  PR-AUC → Train: 0.977, Val: 0.961
2025-05-05 11:48:06,490 - INFO -   Class 2: Top-k Acc → Train: 0.929, Val: 0.907;  PR-AUC → Train: 0.971, Val: 0.952
2025-05-05 11:48:06,490 - INFO -   Train counts (true → pred): [815926816    121592    121592] → [815935470    117492    117038]
2025-05-05 11:48:06,503 - INFO -   Val   counts (true → pred): [101002648     13676     13676] → [101003690     13418     12892]
2025-05-05 11:48:06,504 - INFO - ------------------------------------------------------------
2025-05-05 12:19:02,207 - INFO - Epoch 27/200
2025-05-05 12:19:02,308 - INFO -   Train Loss: 0.0001
2025-05-05 12:19:02,310 - INFO -   Val   Loss: 0.0002
2025-05-05 12:19:02,310 - INFO -   Class 0: Top-k Acc → Train: 1.000, Val: 1.000;  PR-AUC → Train: 1.000, Val: 1.000
2025-05-05 12:19:02,310 - INFO -   Class 1: Top-k Acc → Train: 0.940, Val: 0.923;  PR-AUC → Train: 0.979, Val: 0.963
2025-05-05 12:19:02,310 - INFO -   Class 2: Top-k Acc → Train: 0.931, Val: 0.912;  PR-AUC → Train: 0.973, Val: 0.954
2025-05-05 12:19:02,310 - INFO -   Train counts (true → pred): [815926816    121592    121592] → [815935003    117680    117317]
2025-05-05 12:19:02,311 - INFO -   Val   counts (true → pred): [101002648     13676     13676] → [101002326     13657     14017]
2025-05-05 12:19:02,311 - INFO - ------------------------------------------------------------
